0 info it worked if it ends with ok
1 verbose cli [ 'C:\\Program Files\\nodejs\\node.exe',
1 verbose cli   'C:\\Program Files\\nodejs\\node_modules\\npm\\bin\\npm-cli.js',
1 verbose cli   'install',
1 verbose cli   'underscore',
1 verbose cli   '--save' ]
2 info using npm@3.10.10
3 info using node@v6.9.5
4 silly loadCurrentTree Starting
5 silly install loadCurrentTree
6 silly install readLocalPackageData
7 silly fetchPackageMetaData underscore
8 silly fetchNamedPackageData underscore
9 silly mapToRegistry name underscore
10 silly mapToRegistry using default registry
11 silly mapToRegistry registry https://registry.npmjs.org/
12 silly mapToRegistry data Result {
12 silly mapToRegistry   raw: 'underscore',
12 silly mapToRegistry   scope: null,
12 silly mapToRegistry   escapedName: 'underscore',
12 silly mapToRegistry   name: 'underscore',
12 silly mapToRegistry   rawSpec: '',
12 silly mapToRegistry   spec: 'latest',
12 silly mapToRegistry   type: 'tag' }
13 silly mapToRegistry uri https://registry.npmjs.org/underscore
14 verbose request uri https://registry.npmjs.org/underscore
15 verbose request no auth needed
16 info attempt registry request try #1 at 22:11:39
17 verbose request id bb95ed272ea438c3
18 verbose etag W/"589d3e32-abe9"
19 verbose lastModified Fri, 10 Feb 2017 04:14:42 GMT
20 http request GET https://registry.npmjs.org/underscore
21 http 304 https://registry.npmjs.org/underscore
22 verbose headers { date: 'Thu, 16 Feb 2017 13:09:49 GMT',
22 verbose headers   via: '1.1 varnish',
22 verbose headers   'cache-control': 'max-age=300',
22 verbose headers   etag: 'W/"589d3e32-abe9"',
22 verbose headers   age: '14',
22 verbose headers   connection: 'keep-alive',
22 verbose headers   'x-served-by': 'cache-nrt6131-NRT',
22 verbose headers   'x-cache': 'HIT',
22 verbose headers   'x-cache-hits': '2',
22 verbose headers   'x-timer': 'S1487250589.086248,VS0,VE0',
22 verbose headers   vary: 'Accept-Encoding' }
23 silly get cb [ 304,
23 silly get   { date: 'Thu, 16 Feb 2017 13:09:49 GMT',
23 silly get     via: '1.1 varnish',
23 silly get     'cache-control': 'max-age=300',
23 silly get     etag: 'W/"589d3e32-abe9"',
23 silly get     age: '14',
23 silly get     connection: 'keep-alive',
23 silly get     'x-served-by': 'cache-nrt6131-NRT',
23 silly get     'x-cache': 'HIT',
23 silly get     'x-cache-hits': '2',
23 silly get     'x-timer': 'S1487250589.086248,VS0,VE0',
23 silly get     vary: 'Accept-Encoding' } ]
24 verbose etag https://registry.npmjs.org/underscore from cache
25 verbose get saving underscore to C:\Users\te-te\AppData\Roaming\npm-cache\registry.npmjs.org\underscore\.cache.json
26 verbose correctMkdir C:\Users\te-te\AppData\Roaming\npm-cache correctMkdir not in flight; initializing
27 silly install normalizeTree
28 silly loadCurrentTree Finishing
29 silly loadIdealTree Starting
30 silly install loadIdealTree
31 silly cloneCurrentTree Starting
32 silly install cloneCurrentTreeToIdealTree
33 silly cloneCurrentTree Finishing
34 silly loadShrinkwrap Starting
35 silly install loadShrinkwrap
36 silly loadShrinkwrap Finishing
37 silly loadAllDepsIntoIdealTree Starting
38 silly install loadAllDepsIntoIdealTree
39 silly resolveWithNewModule underscore@1.8.3 checking installable status
40 silly cache add args [ 'underscore', null ]
41 verbose cache add spec underscore
42 silly cache add parsed spec Result {
42 silly cache add   raw: 'underscore',
42 silly cache add   scope: null,
42 silly cache add   escapedName: 'underscore',
42 silly cache add   name: 'underscore',
42 silly cache add   rawSpec: '',
42 silly cache add   spec: 'latest',
42 silly cache add   type: 'tag' }
43 silly addNamed underscore@latest
44 verbose addNamed "latest" is being treated as a dist-tag for underscore
45 info addNameTag [ 'underscore', 'latest' ]
46 silly mapToRegistry name underscore
47 silly mapToRegistry using default registry
48 silly mapToRegistry registry https://registry.npmjs.org/
49 silly mapToRegistry data Result {
49 silly mapToRegistry   raw: 'underscore',
49 silly mapToRegistry   scope: null,
49 silly mapToRegistry   escapedName: 'underscore',
49 silly mapToRegistry   name: 'underscore',
49 silly mapToRegistry   rawSpec: '',
49 silly mapToRegistry   spec: 'latest',
49 silly mapToRegistry   type: 'tag' }
50 silly mapToRegistry uri https://registry.npmjs.org/underscore
51 verbose addNameTag registry:https://registry.npmjs.org/underscore not in flight; fetching
52 verbose get https://registry.npmjs.org/underscore not expired, no request
53 silly addNameTag next cb for underscore with tag latest
54 silly addNamed underscore@1.8.3
55 verbose addNamed "1.8.3" is a plain semver version for underscore
56 silly cache afterAdd underscore@1.8.3
57 verbose afterAdd C:\Users\te-te\AppData\Roaming\npm-cache\underscore\1.8.3\package\package.json not in flight; writing
58 verbose correctMkdir C:\Users\te-te\AppData\Roaming\npm-cache correctMkdir not in flight; initializing
59 verbose afterAdd C:\Users\te-te\AppData\Roaming\npm-cache\underscore\1.8.3\package\package.json written
60 silly loadAllDepsIntoIdealTree Finishing
61 silly loadIdealTree Finishing
62 silly currentTree server_side_javascript@1.0.0
62 silly currentTree `-- underscore@1.8.3
63 silly idealTree server_side_javascript@1.0.0
63 silly idealTree `-- underscore@1.8.3
64 silly generateActionsToTake Starting
65 silly install generateActionsToTake
66 silly generateActionsToTake Finishing
67 silly diffTrees action count 1
68 silly diffTrees update underscore@1.8.3
69 silly decomposeActions action count 9
70 silly decomposeActions remove underscore@1.8.3
71 silly decomposeActions fetch underscore@1.8.3
72 silly decomposeActions extract underscore@1.8.3
73 silly decomposeActions test underscore@1.8.3
74 silly decomposeActions preinstall underscore@1.8.3
75 silly decomposeActions build underscore@1.8.3
76 silly decomposeActions install underscore@1.8.3
77 silly decomposeActions postinstall underscore@1.8.3
78 silly decomposeActions finalize underscore@1.8.3
79 silly runTopLevelLifecycles Starting
80 silly executeActions Starting
81 silly install executeActions
82 silly doSerial global-install 0
83 silly doParallel fetch 1
84 verbose correctMkdir C:\Users\te-te\AppData\Roaming\npm-cache\_locks correctMkdir not in flight; initializing
85 verbose lock using C:\Users\te-te\AppData\Roaming\npm-cache\_locks\staging-68c201ae29c47336.lock for C:\Users\te-te\dev\js\server_side_javascript\node_modules\.staging
86 silly doParallel extract 1
87 silly extract underscore@1.8.3
88 verbose unbuild node_modules\.staging\underscore-677358ab
89 silly gentlyRm C:\Users\te-te\dev\js\server_side_javascript\node_modules\.staging\underscore-677358ab is being purged from base C:\Users\te-te\dev\js\server_side_javascript
90 verbose gentlyRm don't care about contents; nuking C:\Users\te-te\dev\js\server_side_javascript\node_modules\.staging\underscore-677358ab
91 verbose tar unpack C:\Users\te-te\AppData\Roaming\npm-cache\underscore\1.8.3\package.tgz
92 verbose tar unpacking to C:\Users\te-te\dev\js\server_side_javascript\node_modules\.staging\underscore-677358ab
93 silly gentlyRm C:\Users\te-te\dev\js\server_side_javascript\node_modules\.staging\underscore-677358ab is being purged
94 verbose gentlyRm don't care about contents; nuking C:\Users\te-te\dev\js\server_side_javascript\node_modules\.staging\underscore-677358ab
95 silly gunzTarPerm modes [ '777', '666' ]
96 silly gunzTarPerm extractEntry package.json
97 silly gunzTarPerm modified mode [ 'package.json', 420, 438 ]
98 silly gunzTarPerm extractEntry README.md
99 silly gunzTarPerm modified mode [ 'README.md', 420, 438 ]
100 silly gunzTarPerm extractEntry LICENSE
101 silly gunzTarPerm modified mode [ 'LICENSE', 420, 438 ]
102 silly gunzTarPerm extractEntry underscore.js
103 silly gunzTarPerm modified mode [ 'underscore.js', 420, 438 ]
104 silly gunzTarPerm extractEntry underscore-min.js
105 silly gunzTarPerm modified mode [ 'underscore-min.js', 420, 438 ]
106 silly gunzTarPerm extractEntry underscore-min.map
107 silly gunzTarPerm modified mode [ 'underscore-min.map', 420, 438 ]
108 silly gentlyRm C:\Users\te-te\dev\js\server_side_javascript\node_modules\.staging\underscore-677358ab\node_modules is being purged
109 verbose gentlyRm don't care about contents; nuking C:\Users\te-te\dev\js\server_side_javascript\node_modules\.staging\underscore-677358ab\node_modules
110 silly doParallel preinstall 1
111 silly preinstall underscore@1.8.3 C:\Users\te-te\dev\js\server_side_javascript\node_modules\.staging\underscore-677358ab
112 info lifecycle underscore@1.8.3~preinstall: underscore@1.8.3
113 silly lifecycle underscore@1.8.3~preinstall: no script for preinstall, continuing
114 silly doReverseSerial remove 1
115 silly remove C:\Users\te-te\dev\js\server_side_javascript\node_modules\underscore
116 verbose unbuild node_modules\underscore
117 info lifecycle underscore@1.8.3~preuninstall: underscore@1.8.3
118 silly lifecycle underscore@1.8.3~preuninstall: no script for preuninstall, continuing
119 info lifecycle underscore@1.8.3~uninstall: underscore@1.8.3
120 silly lifecycle underscore@1.8.3~uninstall: no script for uninstall, continuing
121 verbose unbuild rmStuff underscore@1.8.3 from C:\Users\te-te\dev\js\server_side_javascript\node_modules
122 info lifecycle underscore@1.8.3~postuninstall: underscore@1.8.3
123 silly lifecycle underscore@1.8.3~postuninstall: no script for postuninstall, continuing
124 silly gentlyRm C:\Users\te-te\dev\js\server_side_javascript\node_modules\underscore is being purged from base C:\Users\te-te\dev\js\server_side_javascript
125 verbose gentlyRm don't care about contents; nuking C:\Users\te-te\dev\js\server_side_javascript\node_modules\underscore
126 silly vacuum-fs purging C:\Users\te-te\dev\js\server_side_javascript\node_modules\underscore
127 silly vacuum-fs quitting because other entries in C:\Users\te-te\dev\js\server_side_javascript\node_modules
128 verbose unlock done using C:\Users\te-te\AppData\Roaming\npm-cache\_locks\staging-68c201ae29c47336.lock for C:\Users\te-te\dev\js\server_side_javascript\node_modules\.staging
129 silly rollbackFailedOptional Starting
130 silly rollbackFailedOptional Finishing
131 silly runTopLevelLifecycles Finishing
132 silly install printInstalled
133 warn server_side_javascript@1.0.0 No repository field.
134 verbose If you need help, you may report this error at:
134 verbose     <https://github.com/npm/npm/issues>
135 verbose stack Error: EPERM: operation not permitted, unlink 'C:\Users\te-te\dev\js\server_side_javascript\node_modules\underscore'
135 verbose stack     at Error (native)
136 verbose cwd C:\Users\te-te\dev\js\server_side_javascript
137 error Windows_NT 10.0.14393
138 error argv "C:\\Program Files\\nodejs\\node.exe" "C:\\Program Files\\nodejs\\node_modules\\npm\\bin\\npm-cli.js" "install" "underscore" "--save"
139 error node v6.9.5
140 error npm  v3.10.10
141 error path C:\Users\te-te\dev\js\server_side_javascript\node_modules\underscore
142 error code EPERM
143 error errno -4048
144 error syscall unlink
145 error Error: EPERM: operation not permitted, unlink 'C:\Users\te-te\dev\js\server_side_javascript\node_modules\underscore'
145 error     at Error (native)
145 error  { Error: EPERM: operation not permitted, unlink 'C:\Users\te-te\dev\js\server_side_javascript\node_modules\underscore'
145 error     at Error (native)
145 error   errno: -4048,
145 error   code: 'EPERM',
145 error   syscall: 'unlink',
145 error   path: 'C:\\Users\\te-te\\dev\\js\\server_side_javascript\\node_modules\\underscore',
145 error   parent: 'server_side_javascript' }
146 error Please try running this command again as root/Administrator.
147 verbose exit [ -4048, true ]
